<?xml version="1.0" encoding="UTF-8"?>
<!-- Generated by org.testng.reporters.JUnitReportReporter -->
<testsuite hostname="IND-Rangarajan" failures="0" tests="1" name="testCases.TC001" time="6.335" errors="0" timestamp="2025-03-05T19:29:21 IST" skipped="0">
  <testcase classname="testCases.TC001" name="RegisterPage" time="6.335"/>
</testsuite> <!-- testCases.TC001 -->
