<?xml version="1.0" encoding="UTF-8"?>
<!-- Generated by org.testng.reporters.JUnitReportReporter -->
<testsuite hostname="IND-Rangarajan" failures="0" tests="1" name="testCases.TC001" time="2.035" errors="0" timestamp="2025-03-10T15:59:22 IST" skipped="0">
  <testcase classname="testCases.TC001" name="RegisterPage" time="2.035"/>
</testsuite> <!-- testCases.TC001 -->
