<?xml version="1.0" encoding="UTF-8"?>
<!-- Generated by org.testng.reporters.JUnitReportReporter -->
<testsuite hostname="IND-Rangarajan" failures="0" tests="1" name="testCases.TC002" time="2.142" errors="0" timestamp="2025-03-10T16:00:06 IST" skipped="0">
  <testcase classname="testCases.TC002" name="VerifyLogin" time="2.142"/>
</testsuite> <!-- testCases.TC002 -->
